2022-03-06 00:04:53,002 DEBUG DirectJDKLog [main] Setting state for [StandardEngine[Tomcat]] to [INITIALIZED]
2022-03-06 00:04:53,045 DEBUG DirectJDKLog [main] Setting state for [org.apache.catalina.mapper.MapperListener@1823b9c4] to [INITIALIZING]
2022-03-06 00:04:53,045 DEBUG DirectJDKLog [main] Setting state for [org.apache.catalina.mapper.MapperListener@1823b9c4] to [INITIALIZED]
2022-03-06 00:04:53,046 DEBUG DirectJDKLog [main] Setting state for [Connector[HTTP/1.1-8080]] to [INITIALIZING]
2022-03-06 00:04:53,055 DEBUG DirectJDKLog [main] IntrospectionUtils: setProperty(class org.apache.coyote.http11.Http11NioProtocol parseBodyMethods=POST)
2022-03-06 00:04:53,057 DEBUG DirectJDKLog [main] Set [parseBodyMethods] to [POST]
2022-03-06 00:04:53,057 DEBUG DirectJDKLog [main] IntrospectionUtils: setProperty(class org.apache.tomcat.util.net.NioEndpoint parseBodyMethods=POST)
2022-03-06 00:04:53,057 INFO DirectJDKLog [main] Initializing ProtocolHandler ["http-nio-8080"]
2022-03-06 00:04:53,058 DEBUG DirectJDKLog [main] Setting state for [Connector[HTTP/1.1-8080]] to [INITIALIZED]
2022-03-06 00:04:53,061 DEBUG DirectJDKLog [main] Setting state for [StandardService[Tomcat]] to [INITIALIZED]
2022-03-06 00:04:53,062 DEBUG DirectJDKLog [main] Setting state for [StandardServer[-1]] to [INITIALIZED]
2022-03-06 00:04:53,062 DEBUG DirectJDKLog [main] Setting state for [StandardServer[-1]] to [STARTING_PREP]
2022-03-06 00:04:53,066 DEBUG DirectJDKLog [main] Setting state for [StandardServer[-1]] to [STARTING]
2022-03-06 00:04:53,070 DEBUG DirectJDKLog [main] Setting state for [org.apache.catalina.deploy.NamingResourcesImpl@45adc393] to [STARTING_PREP]
2022-03-06 00:04:53,071 DEBUG DirectJDKLog [main] Setting state for [org.apache.catalina.deploy.NamingResourcesImpl@45adc393] to [STARTING]
2022-03-06 00:04:53,071 DEBUG DirectJDKLog [main] Setting state for [org.apache.catalina.deploy.NamingResourcesImpl@45adc393] to [STARTED]
2022-03-06 00:04:53,072 DEBUG DirectJDKLog [main] Setting state for [StandardService[Tomcat]] to [STARTING_PREP]
2022-03-06 00:04:53,073 INFO DirectJDKLog [main] Starting service [Tomcat]
2022-03-06 00:04:53,073 DEBUG DirectJDKLog [main] Setting state for [StandardService[Tomcat]] to [STARTING]
2022-03-06 00:04:53,073 DEBUG DirectJDKLog [main] Setting state for [StandardEngine[Tomcat]] to [STARTING_PREP]
2022-03-06 00:04:53,074 INFO DirectJDKLog [main] Starting Servlet engine: [Apache Tomcat/9.0.58]
2022-03-06 00:04:53,077 DEBUG DirectJDKLog [main] Setting state for [SimpleRealm[StandardEngine[Tomcat]]] to [INITIALIZING]
2022-03-06 00:04:53,078 DEBUG DirectJDKLog [main] Setting state for [SimpleRealm[StandardEngine[Tomcat]]] to [INITIALIZED]
2022-03-06 00:04:53,085 DEBUG DirectJDKLog [main] Setting state for [SimpleRealm[StandardEngine[Tomcat]]] to [STARTING_PREP]
2022-03-06 00:04:53,085 DEBUG DirectJDKLog [main] Setting state for [SimpleRealm[StandardEngine[Tomcat]]] to [STARTING]
2022-03-06 00:04:53,086 DEBUG DirectJDKLog [main] Setting state for [SimpleRealm[StandardEngine[Tomcat]]] to [STARTED]
2022-03-06 00:04:53,089 DEBUG DirectJDKLog [main] Setting state for [StandardEngine[Tomcat].StandardHost[localhost]] to [INITIALIZING]
2022-03-06 00:04:53,090 DEBUG DirectJDKLog [main] Setting state for [StandardEngine[Tomcat].StandardHost[localhost]] to [INITIALIZED]
2022-03-06 00:04:53,091 DEBUG DirectJDKLog [main] Setting state for [StandardEngine[Tomcat].StandardHost[localhost]] to [STARTING_PREP]
2022-03-06 00:04:53,093 DEBUG DirectJDKLog [main] Setting state for [StandardEngine[Tomcat].StandardHost[localhost].TomcatEmbeddedContext[]] to [INITIALIZING]
2022-03-06 00:04:53,094 DEBUG DirectJDKLog [main] Setting state for [StandardEngine[Tomcat].StandardHost[localhost].TomcatEmbeddedContext[]] to [INITIALIZED]
2022-03-06 00:04:53,094 DEBUG DirectJDKLog [main] Setting state for [StandardEngine[Tomcat].StandardHost[localhost].TomcatEmbeddedContext[]] to [STARTING_PREP]
2022-03-06 00:04:53,099 DEBUG DirectJDKLog [main] Starting ROOT
2022-03-06 00:04:53,127 DEBUG DirectJDKLog [main] Configuring default Resources
2022-03-06 00:04:53,140 DEBUG DirectJDKLog [main] Setting state for [org.apache.catalina.webresources.StandardRoot@68d6d775] to [INITIALIZING]
2022-03-06 00:04:53,143 DEBUG DirectJDKLog [main] Setting state for [org.apache.catalina.webresources.StandardRoot@68d6d775] to [INITIALIZED]
2022-03-06 00:04:53,143 DEBUG DirectJDKLog [main] Setting state for [org.apache.catalina.webresources.StandardRoot@68d6d775] to [STARTING_PREP]
2022-03-06 00:04:53,151 DEBUG DirectJDKLog [main] Setting state for [org.apache.catalina.webresources.DirResourceSet@5e99b9c] to [INITIALIZING]
2022-03-06 00:04:53,154 DEBUG DirectJDKLog [main] Setting state for [org.apache.catalina.webresources.DirResourceSet@5e99b9c] to [INITIALIZED]
2022-03-06 00:04:53,155 DEBUG DirectJDKLog [main] Setting state for [org.apache.catalina.webresources.DirResourceSet@5e99b9c] to [STARTING_PREP]
2022-03-06 00:04:53,155 DEBUG DirectJDKLog [main] Setting state for [org.apache.catalina.webresources.DirResourceSet@5e99b9c] to [STARTING]
2022-03-06 00:04:53,156 DEBUG DirectJDKLog [main] Setting state for [org.apache.catalina.webresources.DirResourceSet@5e99b9c] to [STARTED]
2022-03-06 00:04:53,157 DEBUG DirectJDKLog [main] Setting state for [org.apache.catalina.webresources.StandardRoot@68d6d775] to [STARTING]
2022-03-06 00:04:53,157 DEBUG DirectJDKLog [main] Setting state for [org.apache.catalina.webresources.StandardRoot@68d6d775] to [STARTED]
2022-03-06 00:04:53,607 DEBUG DirectJDKLog [main] Processing standard container startup
2022-03-06 00:04:53,608 DEBUG DirectJDKLog [main] Setting state for [WebappLoader[StandardEngine[Tomcat].StandardHost[localhost].TomcatEmbeddedContext[]]] to [INITIALIZING]
2022-03-06 00:04:53,609 DEBUG DirectJDKLog [main] Setting state for [WebappLoader[StandardEngine[Tomcat].StandardHost[localhost].TomcatEmbeddedContext[]]] to [INITIALIZED]
2022-03-06 00:04:53,609 DEBUG DirectJDKLog [main] Setting state for [WebappLoader[StandardEngine[Tomcat].StandardHost[localhost].TomcatEmbeddedContext[]]] to [STARTING_PREP]
2022-03-06 00:04:53,610 DEBUG DirectJDKLog [main] Starting this Loader
2022-03-06 00:04:53,644 DEBUG DirectJDKLog [main] Setting state for [WebappLoader[StandardEngine[Tomcat].StandardHost[localhost].TomcatEmbeddedContext[]]] to [STARTING]
2022-03-06 00:04:53,644 DEBUG DirectJDKLog [main] Setting state for [WebappLoader[StandardEngine[Tomcat].StandardHost[localhost].TomcatEmbeddedContext[]]] to [STARTED]
2022-03-06 00:04:53,920 DEBUG DirectJDKLog [main] Setting state for [StandardPipeline[StandardEngine[Tomcat].StandardHost[localhost].TomcatEmbeddedContext[]]] to [INITIALIZING]
2022-03-06 00:04:53,939 DEBUG DirectJDKLog [main] Setting state for [StandardPipeline[StandardEngine[Tomcat].StandardHost[localhost].TomcatEmbeddedContext[]]] to [INITIALIZED]
2022-03-06 00:04:53,939 DEBUG DirectJDKLog [main] Setting state for [StandardPipeline[StandardEngine[Tomcat].StandardHost[localhost].TomcatEmbeddedContext[]]] to [STARTING_PREP]
2022-03-06 00:04:53,940 DEBUG DirectJDKLog [main] Setting state for [NonLoginAuthenticator[StandardEngine[Tomcat].StandardHost[localhost].TomcatEmbeddedContext[]]] to [INITIALIZING]
2022-03-06 00:04:53,957 DEBUG DirectJDKLog [main] Setting state for [NonLoginAuthenticator[StandardEngine[Tomcat].StandardHost[localhost].TomcatEmbeddedContext[]]] to [INITIALIZED]
2022-03-06 00:04:53,957 DEBUG DirectJDKLog [main] Setting state for [NonLoginAuthenticator[StandardEngine[Tomcat].StandardHost[localhost].TomcatEmbeddedContext[]]] to [STARTING_PREP]
2022-03-06 00:04:53,959 DEBUG DirectJDKLog [main] No SingleSignOn Valve is present
2022-03-06 00:04:53,970 DEBUG DirectJDKLog [main] Setting state for [NonLoginAuthenticator[StandardEngine[Tomcat].StandardHost[localhost].TomcatEmbeddedContext[]]] to [STARTING]
2022-03-06 00:04:53,970 DEBUG DirectJDKLog [main] Setting state for [NonLoginAuthenticator[StandardEngine[Tomcat].StandardHost[localhost].TomcatEmbeddedContext[]]] to [STARTED]
2022-03-06 00:04:53,978 DEBUG DirectJDKLog [main] Setting state for [StandardContextValve[StandardEngine[Tomcat].StandardHost[localhost].TomcatEmbeddedContext[]]] to [INITIALIZING]
2022-03-06 00:04:53,979 DEBUG DirectJDKLog [main] Setting state for [StandardContextValve[StandardEngine[Tomcat].StandardHost[localhost].TomcatEmbeddedContext[]]] to [INITIALIZED]
2022-03-06 00:04:53,989 DEBUG DirectJDKLog [main] Setting state for [StandardContextValve[StandardEngine[Tomcat].StandardHost[localhost].TomcatEmbeddedContext[]]] to [STARTING_PREP]
2022-03-06 00:04:53,989 DEBUG DirectJDKLog [main] Setting state for [StandardContextValve[StandardEngine[Tomcat].StandardHost[localhost].TomcatEmbeddedContext[]]] to [STARTING]
2022-03-06 00:04:53,990 DEBUG DirectJDKLog [main] Setting state for [StandardContextValve[StandardEngine[Tomcat].StandardHost[localhost].TomcatEmbeddedContext[]]] to [STARTED]
2022-03-06 00:04:53,990 DEBUG DirectJDKLog [main] Setting state for [StandardPipeline[StandardEngine[Tomcat].StandardHost[localhost].TomcatEmbeddedContext[]]] to [STARTING]
2022-03-06 00:04:53,991 DEBUG DirectJDKLog [main] Setting state for [StandardPipeline[StandardEngine[Tomcat].StandardHost[localhost].TomcatEmbeddedContext[]]] to [STARTED]
2022-03-06 00:04:53,992 DEBUG DirectJDKLog [main] No manager found. Checking if cluster manager should be used. Cluster configured: [false], Application distributable: [false]
