2022-03-06 00:04:54,022 DEBUG DirectJDKLog [main] Configured a manager of class [org.apache.catalina.session.StandardManager]
2022-03-06 00:04:54,049 DEBUG DirectJDKLog [main] Setting state for [org.apache.catalina.deploy.NamingResourcesImpl@405b6d75] to [INITIALIZING]
2022-03-06 00:04:54,049 DEBUG DirectJDKLog [main] Setting state for [org.apache.catalina.deploy.NamingResourcesImpl@405b6d75] to [INITIALIZED]
2022-03-06 00:04:54,050 DEBUG DirectJDKLog [main] Setting state for [org.apache.catalina.deploy.NamingResourcesImpl@405b6d75] to [STARTING_PREP]
2022-03-06 00:04:54,050 DEBUG DirectJDKLog [main] Setting state for [org.apache.catalina.deploy.NamingResourcesImpl@405b6d75] to [STARTING]
2022-03-06 00:04:54,051 DEBUG DirectJDKLog [main] Setting state for [org.apache.catalina.deploy.NamingResourcesImpl@405b6d75] to [STARTED]
2022-03-06 00:04:54,076 INFO DirectJDKLog [main] Initializing Spring embedded WebApplicationContext
2022-03-06 00:04:54,076 DEBUG ServletWebServerApplicationContext [main] Published root WebApplicationContext as ServletContext attribute with name [org.springframework.web.context.WebApplicationContext.ROOT]
2022-03-06 00:04:54,077 INFO ServletWebServerApplicationContext [main] Root WebApplicationContext: initialization completed in 7493 ms
2022-03-06 00:04:54,078 TRACE AbstractBeanFactory [main] Registering scope 'application' with implementation [org.springframework.web.context.support.ServletContextScope@fe87ddd]
2022-03-06 00:04:54,084 TRACE AbstractBeanFactory [main] Returning cached instance of singleton bean 'dispatcherServletRegistration'
2022-03-06 00:04:54,088 TRACE ServletContextInitializerBeans [main] Added existing Servlet initializer bean 'dispatcherServletRegistration'; order=2147483647, resource=class path resource [org/springframework/boot/autoconfigure/web/servlet/DispatcherServletAutoConfiguration$DispatcherServletRegistrationConfiguration.class]
2022-03-06 00:04:54,089 TRACE AbstractBeanFactory [main] Returning cached instance of singleton bean 'multipartConfigElement'
2022-03-06 00:04:54,091 TRACE AbstractBeanFactory [main] Returning cached instance of singleton bean 'dispatcherServlet'
2022-03-06 00:04:54,093 DEBUG DefaultSingletonBeanRegistry [main] Creating shared instance of singleton bean 'requestContextFilter'
2022-03-06 00:04:54,093 TRACE AbstractAutowireCapableBeanFactory [main] Creating instance of bean 'requestContextFilter'
2022-03-06 00:04:54,094 TRACE AbstractBeanFactory [main] Returning cached instance of singleton bean 'org.springframework.transaction.config.internalTransactionAdvisor'
2022-03-06 00:04:54,098 TRACE AbstractAutowireCapableBeanFactory [main] Eagerly caching bean 'requestContextFilter' to allow for resolving potential circular references
2022-03-06 00:04:54,098 TRACE AbstractAutowireCapableBeanFactory [main] Invoking afterPropertiesSet() on bean with name 'requestContextFilter'
2022-03-06 00:04:54,099 TRACE AbstractBeanFactory [main] Returning cached instance of singleton bean 'org.springframework.transaction.config.internalTransactionAdvisor'
2022-03-06 00:04:54,100 TRACE AbstractBeanFactory [main] Returning cached instance of singleton bean 'org.springframework.transaction.config.internalTransactionAdvisor'
2022-03-06 00:04:54,102 TRACE AbstractAutowireCapableBeanFactory [main] Finished creating instance of bean 'requestContextFilter'
2022-03-06 00:04:54,103 DEBUG DefaultSingletonBeanRegistry [main] Creating shared instance of singleton bean 'formContentFilter'
2022-03-06 00:04:54,103 TRACE AbstractAutowireCapableBeanFactory [main] Creating instance of bean 'formContentFilter'
2022-03-06 00:04:54,104 TRACE AbstractBeanFactory [main] Returning cached instance of singleton bean 'org.springframework.transaction.config.internalTransactionAdvisor'
2022-03-06 00:04:54,104 DEBUG DefaultSingletonBeanRegistry [main] Creating shared instance of singleton bean 'org.springframework.boot.autoconfigure.web.servlet.WebMvcAutoConfiguration'
2022-03-06 00:04:54,105 TRACE AbstractAutowireCapableBeanFactory [main] Creating instance of bean 'org.springframework.boot.autoconfigure.web.servlet.WebMvcAutoConfiguration'
2022-03-06 00:04:54,105 TRACE AbstractBeanFactory [main] Returning cached instance of singleton bean 'org.springframework.transaction.config.internalTransactionAdvisor'
2022-03-06 00:04:54,106 TRACE AbstractAutowireCapableBeanFactory [main] Eagerly caching bean 'org.springframework.boot.autoconfigure.web.servlet.WebMvcAutoConfiguration' to allow for resolving potential circular references
2022-03-06 00:04:54,107 TRACE AbstractBeanFactory [main] Returning cached instance of singleton bean 'org.springframework.transaction.config.internalTransactionAdvisor'
2022-03-06 00:04:54,107 TRACE AbstractBeanFactory [main] Returning cached instance of singleton bean 'org.springframework.transaction.config.internalTransactionAdvisor'
2022-03-06 00:04:54,109 TRACE AbstractAutowireCapableBeanFactory [main] Finished creating instance of bean 'org.springframework.boot.autoconfigure.web.servlet.WebMvcAutoConfiguration'
2022-03-06 00:04:54,119 TRACE AbstractAutowireCapableBeanFactory [main] Eagerly caching bean 'formContentFilter' to allow for resolving potential circular references
2022-03-06 00:04:54,119 TRACE AbstractAutowireCapableBeanFactory [main] Invoking afterPropertiesSet() on bean with name 'formContentFilter'
2022-03-06 00:04:54,120 TRACE AbstractBeanFactory [main] Returning cached instance of singleton bean 'org.springframework.transaction.config.internalTransactionAdvisor'
2022-03-06 00:04:54,120 TRACE AbstractBeanFactory [main] Returning cached instance of singleton bean 'org.springframework.transaction.config.internalTransactionAdvisor'
2022-03-06 00:04:54,123 TRACE AbstractAutowireCapableBeanFactory [main] Finished creating instance of bean 'formContentFilter'
2022-03-06 00:04:54,123 DEBUG DefaultSingletonBeanRegistry [main] Creating shared instance of singleton bean 'characterEncodingFilter'
2022-03-06 00:04:54,124 TRACE AbstractAutowireCapableBeanFactory [main] Creating instance of bean 'characterEncodingFilter'
2022-03-06 00:04:54,124 TRACE AbstractBeanFactory [main] Returning cached instance of singleton bean 'org.springframework.transaction.config.internalTransactionAdvisor'
2022-03-06 00:04:54,125 TRACE AbstractBeanFactory [main] Returning cached instance of singleton bean 'org.springframework.boot.autoconfigure.web.servlet.HttpEncodingAutoConfiguration'
2022-03-06 00:04:54,128 TRACE AbstractAutowireCapableBeanFactory [main] Eagerly caching bean 'characterEncodingFilter' to allow for resolving potential circular references
2022-03-06 00:04:54,129 TRACE AbstractAutowireCapableBeanFactory [main] Invoking afterPropertiesSet() on bean with name 'characterEncodingFilter'
2022-03-06 00:04:54,129 TRACE AbstractBeanFactory [main] Returning cached instance of singleton bean 'org.springframework.transaction.config.internalTransactionAdvisor'
2022-03-06 00:04:54,132 TRACE AbstractBeanFactory [main] Returning cached instance of singleton bean 'org.springframework.transaction.config.internalTransactionAdvisor'
2022-03-06 00:04:54,136 TRACE AbstractAutowireCapableBeanFactory [main] Finished creating instance of bean 'characterEncodingFilter'
2022-03-06 00:04:54,137 TRACE ServletContextInitializerBeans [main] Created Filter initializer for bean 'characterEncodingFilter'; order=-2147483648, resource=class path resource [org/springframework/boot/autoconfigure/web/servlet/HttpEncodingAutoConfiguration.class]
2022-03-06 00:04:54,137 TRACE ServletContextInitializerBeans [main] Created Filter initializer for bean 'formContentFilter'; order=-9900, resource=class path resource [org/springframework/boot/autoconfigure/web/servlet/WebMvcAutoConfiguration.class]
2022-03-06 00:04:54,138 TRACE ServletContextInitializerBeans [main] Created Filter initializer for bean 'requestContextFilter'; order=-105, resource=class path resource [org/springframework/boot/autoconfigure/web/servlet/WebMvcAutoConfiguration$WebMvcAutoConfigurationAdapter.class]
2022-03-06 00:04:54,158 DEBUG ServletContextInitializerBeans [main] Mapping filters: characterEncodingFilter urls=[/*] order=-2147483648, formContentFilter urls=[/*] order=-9900, requestContextFilter urls=[/*] order=-105
2022-03-06 00:04:54,159 DEBUG ServletContextInitializerBeans [main] Mapping servlets: dispatcherServlet urls=[/]
2022-03-06 00:04:54,166 DEBUG DirectJDKLog [main] Add child StandardWrapper[dispatcherServlet] StandardEngine[Tomcat].StandardHost[localhost].TomcatEmbeddedContext[]
2022-03-06 00:04:54,167 DEBUG DirectJDKLog [main] Setting state for [StandardEngine[Tomcat].StandardHost[localhost].TomcatEmbeddedContext[].StandardWrapper[dispatcherServlet]] to [INITIALIZING]
2022-03-06 00:04:54,168 DEBUG DirectJDKLog [main] Setting state for [StandardEngine[Tomcat].StandardHost[localhost].TomcatEmbeddedContext[].StandardWrapper[dispatcherServlet]] to [INITIALIZED]
2022-03-06 00:04:54,168 DEBUG DirectJDKLog [main] Setting state for [StandardEngine[Tomcat].StandardHost[localhost].TomcatEmbeddedContext[].StandardWrapper[dispatcherServlet]] to [STARTING_PREP]
2022-03-06 00:04:54,169 DEBUG DirectJDKLog [main] Setting state for [StandardPipeline[StandardEngine[Tomcat].StandardHost[localhost].TomcatEmbeddedContext[].StandardWrapper[dispatcherServlet]]] to [INITIALIZING]
2022-03-06 00:04:54,170 DEBUG DirectJDKLog [main] Setting state for [StandardPipeline[StandardEngine[Tomcat].StandardHost[localhost].TomcatEmbeddedContext[].StandardWrapper[dispatcherServlet]]] to [INITIALIZED]
2022-03-06 00:04:54,170 DEBUG DirectJDKLog [main] Setting state for [StandardPipeline[StandardEngine[Tomcat].StandardHost[localhost].TomcatEmbeddedContext[].StandardWrapper[dispatcherServlet]]] to [STARTING_PREP]
2022-03-06 00:04:54,170 DEBUG DirectJDKLog [main] Setting state for [StandardWrapperValve[StandardEngine[Tomcat].StandardHost[localhost].TomcatEmbeddedContext[].StandardWrapper[dispatcherServlet]]] to [INITIALIZING]
2022-03-06 00:04:54,171 DEBUG DirectJDKLog [main] Setting state for [StandardWrapperValve[StandardEngine[Tomcat].StandardHost[localhost].TomcatEmbeddedContext[].StandardWrapper[dispatcherServlet]]] to [INITIALIZED]
2022-03-06 00:04:54,171 DEBUG DirectJDKLog [main] Setting state for [StandardWrapperValve[StandardEngine[Tomcat].StandardHost[localhost].TomcatEmbeddedContext[].StandardWrapper[dispatcherServlet]]] to [STARTING_PREP]
2022-03-06 00:04:54,172 DEBUG DirectJDKLog [main] Setting state for [StandardWrapperValve[StandardEngine[Tomcat].StandardHost[localhost].TomcatEmbeddedContext[].StandardWrapper[dispatcherServlet]]] to [STARTING]
2022-03-06 00:04:54,172 DEBUG DirectJDKLog [main] Setting state for [StandardWrapperValve[StandardEngine[Tomcat].StandardHost[localhost].TomcatEmbeddedContext[].StandardWrapper[dispatcherServlet]]] to [STARTED]
2022-03-06 00:04:54,173 DEBUG DirectJDKLog [main] Setting state for [StandardPipeline[StandardEngine[Tomcat].StandardHost[localhost].TomcatEmbeddedContext[].StandardWrapper[dispatcherServlet]]] to [STARTING]
2022-03-06 00:04:54,174 DEBUG DirectJDKLog [main] Setting state for [StandardPipeline[StandardEngine[Tomcat].StandardHost[localhost].TomcatEmbeddedContext[].StandardWrapper[dispatcherServlet]]] to [STARTED]
2022-03-06 00:04:54,175 DEBUG DirectJDKLog [main] Setting state for [StandardEngine[Tomcat].StandardHost[localhost].TomcatEmbeddedContext[].StandardWrapper[dispatcherServlet]] to [STARTING]
2022-03-06 00:04:54,176 DEBUG DirectJDKLog [main] Setting state for [StandardEngine[Tomcat].StandardHost[localhost].TomcatEmbeddedContext[].StandardWrapper[dispatcherServlet]] to [STARTED]
2022-03-06 00:04:54,242 DEBUG DirectJDKLog [main] Configuring application event listeners
2022-03-06 00:04:54,243 DEBUG DirectJDKLog [main] Sending application start events
2022-03-06 00:04:54,246 DEBUG DirectJDKLog [main] Setting state for [StandardManager[StandardEngine[Tomcat].StandardHost[localhost].TomcatEmbeddedContext[]]] to [INITIALIZING]
2022-03-06 00:04:54,249 DEBUG DirectJDKLog [main] Setting state for [StandardManager[StandardEngine[Tomcat].StandardHost[localhost].TomcatEmbeddedContext[]]] to [INITIALIZED]
2022-03-06 00:04:54,249 DEBUG DirectJDKLog [main] Setting state for [StandardManager[StandardEngine[Tomcat].StandardHost[localhost].TomcatEmbeddedContext[]]] to [STARTING_PREP]
2022-03-06 00:04:54,250 DEBUG DirectJDKLog [main] Setting state for [org.springframework.boot.web.embedded.tomcat.LazySessionIdGenerator@4087c7fc] to [INITIALIZING]
2022-03-06 00:04:54,251 DEBUG DirectJDKLog [main] Setting state for [org.springframework.boot.web.embedded.tomcat.LazySessionIdGenerator@4087c7fc] to [INITIALIZED]
2022-03-06 00:04:54,251 DEBUG DirectJDKLog [main] Setting state for [org.springframework.boot.web.embedded.tomcat.LazySessionIdGenerator@4087c7fc] to [STARTING_PREP]
2022-03-06 00:04:54,252 DEBUG DirectJDKLog [main] Setting state for [org.springframework.boot.web.embedded.tomcat.LazySessionIdGenerator@4087c7fc] to [STARTING]
2022-03-06 00:04:54,253 DEBUG DirectJDKLog [main] Setting state for [org.springframework.boot.web.embedded.tomcat.LazySessionIdGenerator@4087c7fc] to [STARTED]
2022-03-06 00:04:54,253 DEBUG DirectJDKLog [main] Start: Loading persisted sessions
2022-03-06 00:04:54,254 DEBUG DirectJDKLog [main] Loading persisted sessions from [SESSIONS.ser]
2022-03-06 00:04:54,266 DEBUG DirectJDKLog [main] No persisted data file found
2022-03-06 00:04:54,267 DEBUG DirectJDKLog [main] Setting state for [StandardManager[StandardEngine[Tomcat].StandardHost[localhost].TomcatEmbeddedContext[]]] to [STARTING]
2022-03-06 00:04:54,267 DEBUG DirectJDKLog [main] Setting state for [StandardManager[StandardEngine[Tomcat].StandardHost[localhost].TomcatEmbeddedContext[]]] to [STARTED]
2022-03-06 00:04:54,267 DEBUG DirectJDKLog [main] Starting filters
2022-03-06 00:04:54,268 DEBUG DirectJDKLog [main]  Starting filter 'requestContextFilter'
2022-03-06 00:04:54,277 DEBUG GenericFilterBean [main] Filter 'requestContextFilter' configured for use
2022-03-06 00:04:54,278 DEBUG DirectJDKLog [main]  Starting filter 'Tomcat WebSocket (JSR356) Filter'
2022-03-06 00:04:54,279 DEBUG DirectJDKLog [main]  Starting filter 'characterEncodingFilter'
2022-03-06 00:04:54,279 DEBUG GenericFilterBean [main] Filter 'characterEncodingFilter' configured for use
2022-03-06 00:04:54,280 DEBUG DirectJDKLog [main]  Starting filter 'formContentFilter'
2022-03-06 00:04:54,280 DEBUG GenericFilterBean [main] Filter 'formContentFilter' configured for use
2022-03-06 00:04:54,282 DEBUG DirectJDKLog [main] Starting completed
2022-03-06 00:04:54,282 DEBUG DirectJDKLog [main] Setting state for [StandardEngine[Tomcat].StandardHost[localhost].TomcatEmbeddedContext[]] to [STARTING]
2022-03-06 00:04:54,283 DEBUG DirectJDKLog [main] Setting state for [StandardEngine[Tomcat].StandardHost[localhost].TomcatEmbeddedContext[]] to [STARTED]
2022-03-06 00:04:54,283 DEBUG DirectJDKLog [main] Setting state for [StandardPipeline[StandardEngine[Tomcat].StandardHost[localhost]]] to [INITIALIZING]
2022-03-06 00:04:54,284 DEBUG DirectJDKLog [main] Setting state for [StandardPipeline[StandardEngine[Tomcat].StandardHost[localhost]]] to [INITIALIZED]
2022-03-06 00:04:54,284 DEBUG DirectJDKLog [main] Setting state for [StandardPipeline[StandardEngine[Tomcat].StandardHost[localhost]]] to [STARTING_PREP]
2022-03-06 00:04:54,284 DEBUG DirectJDKLog [main] Setting state for [ErrorReportValve[StandardEngine[Tomcat].StandardHost[localhost]]] to [INITIALIZING]
2022-03-06 00:04:54,285 DEBUG DirectJDKLog [main] Setting state for [ErrorReportValve[StandardEngine[Tomcat].StandardHost[localhost]]] to [INITIALIZED]
2022-03-06 00:04:54,285 DEBUG DirectJDKLog [main] Setting state for [ErrorReportValve[StandardEngine[Tomcat].StandardHost[localhost]]] to [STARTING_PREP]
2022-03-06 00:04:54,285 DEBUG DirectJDKLog [main] Setting state for [ErrorReportValve[StandardEngine[Tomcat].StandardHost[localhost]]] to [STARTING]
2022-03-06 00:04:54,286 DEBUG DirectJDKLog [main] Setting state for [ErrorReportValve[StandardEngine[Tomcat].StandardHost[localhost]]] to [STARTED]
2022-03-06 00:04:54,286 DEBUG DirectJDKLog [main] Setting state for [StandardHostValve[StandardEngine[Tomcat].StandardHost[localhost]]] to [INITIALIZING]
2022-03-06 00:04:54,287 DEBUG DirectJDKLog [main] Setting state for [StandardHostValve[StandardEngine[Tomcat].StandardHost[localhost]]] to [INITIALIZED]
2022-03-06 00:04:54,287 DEBUG DirectJDKLog [main] Setting state for [StandardHostValve[StandardEngine[Tomcat].StandardHost[localhost]]] to [STARTING_PREP]
2022-03-06 00:04:54,287 DEBUG DirectJDKLog [main] Setting state for [StandardHostValve[StandardEngine[Tomcat].StandardHost[localhost]]] to [STARTING]
2022-03-06 00:04:54,288 DEBUG DirectJDKLog [main] Setting state for [StandardHostValve[StandardEngine[Tomcat].StandardHost[localhost]]] to [STARTED]
2022-03-06 00:04:54,288 DEBUG DirectJDKLog [main] Setting state for [StandardPipeline[StandardEngine[Tomcat].StandardHost[localhost]]] to [STARTING]
2022-03-06 00:04:54,288 DEBUG DirectJDKLog [main] Setting state for [StandardPipeline[StandardEngine[Tomcat].StandardHost[localhost]]] to [STARTED]
2022-03-06 00:04:54,289 DEBUG DirectJDKLog [main] Setting state for [StandardEngine[Tomcat].StandardHost[localhost]] to [STARTING]
2022-03-06 00:04:54,289 DEBUG DirectJDKLog [main] Setting state for [StandardEngine[Tomcat].StandardHost[localhost]] to [STARTED]
2022-03-06 00:04:54,289 DEBUG DirectJDKLog [main] Setting state for [StandardPipeline[StandardEngine[Tomcat]]] to [INITIALIZING]
2022-03-06 00:04:54,290 DEBUG DirectJDKLog [main] Setting state for [StandardPipeline[StandardEngine[Tomcat]]] to [INITIALIZED]
2022-03-06 00:04:54,290 DEBUG DirectJDKLog [main] Setting state for [StandardPipeline[StandardEngine[Tomcat]]] to [STARTING_PREP]
2022-03-06 00:04:54,290 DEBUG DirectJDKLog [main] Setting state for [StandardEngineValve[StandardEngine[Tomcat]]] to [INITIALIZING]
2022-03-06 00:04:54,290 DEBUG DirectJDKLog [main] Setting state for [StandardEngineValve[StandardEngine[Tomcat]]] to [INITIALIZED]
2022-03-06 00:04:54,291 DEBUG DirectJDKLog [main] Setting state for [StandardEngineValve[StandardEngine[Tomcat]]] to [STARTING_PREP]
2022-03-06 00:04:54,291 DEBUG DirectJDKLog [main] Setting state for [StandardEngineValve[StandardEngine[Tomcat]]] to [STARTING]
2022-03-06 00:04:54,291 DEBUG DirectJDKLog [main] Setting state for [StandardEngineValve[StandardEngine[Tomcat]]] to [STARTED]
2022-03-06 00:04:54,292 DEBUG DirectJDKLog [main] Setting state for [StandardPipeline[StandardEngine[Tomcat]]] to [STARTING]
2022-03-06 00:04:54,292 DEBUG DirectJDKLog [main] Setting state for [StandardPipeline[StandardEngine[Tomcat]]] to [STARTED]
2022-03-06 00:04:54,292 DEBUG DirectJDKLog [main] Setting state for [StandardEngine[Tomcat]] to [STARTING]
2022-03-06 00:04:54,297 DEBUG DirectJDKLog [main] Setting state for [StandardEngine[Tomcat]] to [STARTED]
2022-03-06 00:04:54,297 DEBUG DirectJDKLog [main] Setting state for [org.apache.catalina.mapper.MapperListener@1823b9c4] to [STARTING_PREP]
2022-03-06 00:04:54,298 DEBUG DirectJDKLog [main] Setting state for [org.apache.catalina.mapper.MapperListener@1823b9c4] to [STARTING]
2022-03-06 00:04:54,301 DEBUG DirectJDKLog [main] Registered host [localhost]
2022-03-06 00:04:54,302 DEBUG DirectJDKLog [main] Register Wrapper [dispatcherServlet] in Context [] for service [StandardService[Tomcat]]
2022-03-06 00:04:54,307 DEBUG DirectJDKLog [main] Register Context [] for service [StandardService[Tomcat]]
2022-03-06 00:04:54,308 DEBUG DirectJDKLog [main] Register host [localhost] at domain [null] for service [StandardService[Tomcat]]
2022-03-06 00:04:54,309 DEBUG DirectJDKLog [main] Setting state for [org.apache.catalina.mapper.MapperListener@1823b9c4] to [STARTED]
2022-03-06 00:04:54,309 DEBUG DirectJDKLog [main] Setting state for [StandardService[Tomcat]] to [STARTED]
2022-03-06 00:04:54,311 DEBUG DirectJDKLog [main] Setting state for [StandardServer[-1]] to [STARTED]
2022-03-06 00:04:54,333 DEBUG DefaultSingletonBeanRegistry [main] Creating shared instance of singleton bean 'dataSourceScriptDatabaseInitializer'
2022-03-06 00:04:54,334 TRACE AbstractAutowireCapableBeanFactory [main] Creating instance of bean 'dataSourceScriptDatabaseInitializer'
2022-03-06 00:04:54,334 TRACE AbstractBeanFactory [main] Returning cached instance of singleton bean 'org.springframework.transaction.config.internalTransactionAdvisor'
2022-03-06 00:04:54,336 DEBUG DefaultSingletonBeanRegistry [main] Creating shared instance of singleton bean 'org.springframework.boot.autoconfigure.sql.init.DataSourceInitializationConfiguration'
2022-03-06 00:04:54,336 TRACE AbstractAutowireCapableBeanFactory [main] Creating instance of bean 'org.springframework.boot.autoconfigure.sql.init.DataSourceInitializationConfiguration'
2022-03-06 00:04:54,337 TRACE AbstractBeanFactory [main] Returning cached instance of singleton bean 'org.springframework.transaction.config.internalTransactionAdvisor'
2022-03-06 00:04:54,338 TRACE AbstractAutowireCapableBeanFactory [main] Eagerly caching bean 'org.springframework.boot.autoconfigure.sql.init.DataSourceInitializationConfiguration' to allow for resolving potential circular references
2022-03-06 00:04:54,338 TRACE AbstractBeanFactory [main] Returning cached instance of singleton bean 'org.springframework.transaction.config.internalTransactionAdvisor'
2022-03-06 00:04:54,338 TRACE AbstractBeanFactory [main] Returning cached instance of singleton bean 'org.springframework.transaction.config.internalTransactionAdvisor'
2022-03-06 00:04:54,339 TRACE AbstractAutowireCapableBeanFactory [main] Finished creating instance of bean 'org.springframework.boot.autoconfigure.sql.init.DataSourceInitializationConfiguration'
2022-03-06 00:04:54,340 DEBUG DefaultSingletonBeanRegistry [main] Creating shared instance of singleton bean 'dataSource'
2022-03-06 00:04:54,340 TRACE AbstractAutowireCapableBeanFactory [main] Creating instance of bean 'dataSource'
2022-03-06 00:04:54,341 TRACE AbstractBeanFactory [main] Returning cached instance of singleton bean 'org.springframework.transaction.config.internalTransactionAdvisor'
2022-03-06 00:04:54,341 DEBUG DefaultSingletonBeanRegistry [main] Creating shared instance of singleton bean 'org.springframework.boot.autoconfigure.jdbc.DataSourceConfiguration$Hikari'
2022-03-06 00:04:54,342 TRACE AbstractAutowireCapableBeanFactory [main] Creating instance of bean 'org.springframework.boot.autoconfigure.jdbc.DataSourceConfiguration$Hikari'
2022-03-06 00:04:54,343 TRACE AbstractBeanFactory [main] Returning cached instance of singleton bean 'org.springframework.transaction.config.internalTransactionAdvisor'
2022-03-06 00:04:54,344 TRACE AbstractAutowireCapableBeanFactory [main] Eagerly caching bean 'org.springframework.boot.autoconfigure.jdbc.DataSourceConfiguration$Hikari' to allow for resolving potential circular references
2022-03-06 00:04:54,350 TRACE AbstractBeanFactory [main] Returning cached instance of singleton bean 'org.springframework.transaction.config.internalTransactionAdvisor'
2022-03-06 00:04:54,351 TRACE AbstractBeanFactory [main] Returning cached instance of singleton bean 'org.springframework.transaction.config.internalTransactionAdvisor'
2022-03-06 00:04:54,352 TRACE AbstractAutowireCapableBeanFactory [main] Finished creating instance of bean 'org.springframework.boot.autoconfigure.jdbc.DataSourceConfiguration$Hikari'
2022-03-06 00:04:54,353 DEBUG DefaultSingletonBeanRegistry [main] Creating shared instance of singleton bean 'spring.datasource-org.springframework.boot.autoconfigure.jdbc.DataSourceProperties'
2022-03-06 00:04:54,354 TRACE AbstractAutowireCapableBeanFactory [main] Creating instance of bean 'spring.datasource-org.springframework.boot.autoconfigure.jdbc.DataSourceProperties'
2022-03-06 00:04:54,354 TRACE AbstractBeanFactory [main] Returning cached instance of singleton bean 'org.springframework.transaction.config.internalTransactionAdvisor'
2022-03-06 00:04:54,355 TRACE AbstractAutowireCapableBeanFactory [main] Eagerly caching bean 'spring.datasource-org.springframework.boot.autoconfigure.jdbc.DataSourceProperties' to allow for resolving potential circular references
2022-03-06 00:04:54,356 TRACE AbstractBeanFactory [main] Returning cached instance of singleton bean 'org.springframework.boot.context.properties.BoundConfigurationProperties'
2022-03-06 00:04:54,377 TRACE AbstractAutowireCapableBeanFactory [main] Invoking afterPropertiesSet() on bean with name 'spring.datasource-org.springframework.boot.autoconfigure.jdbc.DataSourceProperties'
2022-03-06 00:04:54,666 TRACE AbstractBeanFactory [main] Returning cached instance of singleton bean 'org.springframework.transaction.config.internalTransactionAdvisor'
2022-03-06 00:04:54,666 TRACE AbstractBeanFactory [main] Returning cached instance of singleton bean 'org.springframework.transaction.config.internalTransactionAdvisor'
2022-03-06 00:04:54,667 TRACE AbstractAutowireCapableBeanFactory [main] Finished creating instance of bean 'spring.datasource-org.springframework.boot.autoconfigure.jdbc.DataSourceProperties'
2022-03-06 00:04:54,668 DEBUG ConstructorResolver [main] Autowiring by type from bean name 'dataSource' via factory method to bean named 'spring.datasource-org.springframework.boot.autoconfigure.jdbc.DataSourceProperties'
2022-03-06 00:04:54,670 DEBUG HikariConfig [main] Driver class org.h2.Driver found in Thread context class loader jdk.internal.loader.ClassLoaders$AppClassLoader@2437c6dc
2022-03-06 00:04:54,680 TRACE AbstractAutowireCapableBeanFactory [main] Eagerly caching bean 'dataSource' to allow for resolving potential circular references
2022-03-06 00:04:54,681 TRACE AbstractBeanFactory [main] Returning cached instance of singleton bean 'org.springframework.boot.context.properties.BoundConfigurationProperties'
2022-03-06 00:04:54,692 TRACE AbstractBeanFactory [main] Returning cached instance of singleton bean 'org.springframework.transaction.config.internalTransactionAdvisor'
2022-03-06 00:04:54,692 TRACE AbstractBeanFactory [main] Returning cached instance of singleton bean 'org.springframework.transaction.config.internalTransactionAdvisor'
2022-03-06 00:04:54,695 TRACE AbstractAutowireCapableBeanFactory [main] Finished creating instance of bean 'dataSource'
2022-03-06 00:04:54,695 DEBUG DefaultSingletonBeanRegistry [main] Creating shared instance of singleton bean 'spring.sql.init-org.springframework.boot.autoconfigure.sql.init.SqlInitializationProperties'
2022-03-06 00:04:54,696 TRACE AbstractAutowireCapableBeanFactory [main] Creating instance of bean 'spring.sql.init-org.springframework.boot.autoconfigure.sql.init.SqlInitializationProperties'
2022-03-06 00:04:54,696 TRACE AbstractBeanFactory [main] Returning cached instance of singleton bean 'org.springframework.transaction.config.internalTransactionAdvisor'
2022-03-06 00:04:54,696 TRACE AbstractAutowireCapableBeanFactory [main] Eagerly caching bean 'spring.sql.init-org.springframework.boot.autoconfigure.sql.init.SqlInitializationProperties' to allow for resolving potential circular references
2022-03-06 00:04:54,697 TRACE AbstractBeanFactory [main] Returning cached instance of singleton bean 'org.springframework.boot.context.properties.BoundConfigurationProperties'
2022-03-06 00:04:54,706 TRACE AbstractBeanFactory [main] Returning cached instance of singleton bean 'org.springframework.transaction.config.internalTransactionAdvisor'
2022-03-06 00:04:54,707 TRACE AbstractBeanFactory [main] Returning cached instance of singleton bean 'org.springframework.transaction.config.internalTransactionAdvisor'
2022-03-06 00:04:54,707 TRACE AbstractAutowireCapableBeanFactory [main] Finished creating instance of bean 'spring.sql.init-org.springframework.boot.autoconfigure.sql.init.SqlInitializationProperties'
2022-03-06 00:04:54,708 DEBUG ConstructorResolver [main] Autowiring by type from bean name 'dataSourceScriptDatabaseInitializer' via factory method to bean named 'dataSource'
2022-03-06 00:04:54,708 DEBUG ConstructorResolver [main] Autowiring by type from bean name 'dataSourceScriptDatabaseInitializer' via factory method to bean named 'spring.sql.init-org.springframework.boot.autoconfigure.sql.init.SqlInitializationProperties'
2022-03-06 00:04:54,711 TRACE AbstractAutowireCapableBeanFactory [main] Eagerly caching bean 'dataSourceScriptDatabaseInitializer' to allow for resolving potential circular references
2022-03-06 00:04:54,712 TRACE AbstractAutowireCapableBeanFactory [main] Invoking afterPropertiesSet() on bean with name 'dataSourceScriptDatabaseInitializer'
2022-03-06 00:04:54,713 TRACE PathMatchingResourcePatternResolver [main] Resolved classpath location [schema-all.sql] to resources []
2022-03-06 00:04:54,715 TRACE PathMatchingResourcePatternResolver [main] Resolved classpath location [schema.sql] to resources []
2022-03-06 00:04:54,716 TRACE PathMatchingResourcePatternResolver [main] Resolved classpath location [data-all.sql] to resources []
2022-03-06 00:04:54,726 TRACE PathMatchingResourcePatternResolver [main] Resolved classpath location [data.sql] to resources []
2022-03-06 00:04:54,729 TRACE AbstractBeanFactory [main] Returning cached instance of singleton bean 'org.springframework.transaction.config.internalTransactionAdvisor'
2022-03-06 00:04:54,729 TRACE AbstractBeanFactory [main] Returning cached instance of singleton bean 'org.springframework.transaction.config.internalTransactionAdvisor'
2022-03-06 00:04:54,729 TRACE AbstractAutowireCapableBeanFactory [main] Finished creating instance of bean 'dataSourceScriptDatabaseInitializer'
2022-03-06 00:04:54,729 DEBUG DefaultSingletonBeanRegistry [main] Creating shared instance of singleton bean 'org.springframework.context.config.internalBeanConfigurerAspect'
2022-03-06 00:04:54,730 TRACE AbstractAutowireCapableBeanFactory [main] Creating instance of bean 'org.springframework.context.config.internalBeanConfigurerAspect'
2022-03-06 00:04:54,730 TRACE AbstractBeanFactory [main] Returning cached instance of singleton bean 'org.springframework.transaction.config.internalTransactionAdvisor'
2022-03-06 00:04:54,734 TRACE AbstractAutowireCapableBeanFactory [main] Eagerly caching bean 'org.springframework.context.config.internalBeanConfigurerAspect' to allow for resolving potential circular references
2022-03-06 00:04:54,735 TRACE AbstractAutowireCapableBeanFactory [main] Invoking afterPropertiesSet() on bean with name 'org.springframework.context.config.internalBeanConfigurerAspect'
2022-03-06 00:04:54,736 TRACE AbstractBeanFactory [main] Returning cached instance of singleton bean 'org.springframework.transaction.config.internalTransactionAdvisor'
2022-03-06 00:04:54,736 TRACE AbstractBeanFactory [main] Returning cached instance of singleton bean 'org.springframework.transaction.config.internalTransactionAdvisor'
2022-03-06 00:04:54,739 TRACE AbstractAutowireCapableBeanFactory [main] Finished creating instance of bean 'org.springframework.context.config.internalBeanConfigurerAspect'
2022-03-06 00:04:54,739 DEBUG DefaultSingletonBeanRegistry [main] Creating shared instance of singleton bean 'entityManagerFactory'
2022-03-06 00:04:54,739 TRACE AbstractAutowireCapableBeanFactory [main] Creating instance of bean 'entityManagerFactory'
2022-03-06 00:04:54,740 TRACE AbstractBeanFactory [main] Returning cached instance of singleton bean 'org.springframework.transaction.config.internalTransactionAdvisor'
2022-03-06 00:04:54,740 DEBUG DefaultSingletonBeanRegistry [main] Creating shared instance of singleton bean 'org.springframework.boot.autoconfigure.orm.jpa.HibernateJpaConfiguration'
2022-03-06 00:04:54,740 TRACE AbstractAutowireCapableBeanFactory [main] Creating instance of bean 'org.springframework.boot.autoconfigure.orm.jpa.HibernateJpaConfiguration'
2022-03-06 00:04:54,740 TRACE AbstractBeanFactory [main] Returning cached instance of singleton bean 'org.springframework.transaction.config.internalTransactionAdvisor'
2022-03-06 00:04:54,742 TRACE AbstractBeanFactory [main] Returning cached instance of singleton bean 'dataSource'
2022-03-06 00:04:54,743 DEBUG DefaultSingletonBeanRegistry [main] Creating shared instance of singleton bean 'spring.jpa-org.springframework.boot.autoconfigure.orm.jpa.JpaProperties'
2022-03-06 00:04:54,744 TRACE AbstractAutowireCapableBeanFactory [main] Creating instance of bean 'spring.jpa-org.springframework.boot.autoconfigure.orm.jpa.JpaProperties'
2022-03-06 00:04:54,744 TRACE AbstractBeanFactory [main] Returning cached instance of singleton bean 'org.springframework.transaction.config.internalTransactionAdvisor'
2022-03-06 00:04:54,744 TRACE AbstractAutowireCapableBeanFactory [main] Eagerly caching bean 'spring.jpa-org.springframework.boot.autoconfigure.orm.jpa.JpaProperties' to allow for resolving potential circular references
2022-03-06 00:04:54,745 TRACE AbstractBeanFactory [main] Returning cached instance of singleton bean 'org.springframework.boot.context.properties.BoundConfigurationProperties'
2022-03-06 00:04:54,755 TRACE AbstractBeanFactory [main] Returning cached instance of singleton bean 'org.springframework.transaction.config.internalTransactionAdvisor'
2022-03-06 00:04:54,756 TRACE AbstractBeanFactory [main] Returning cached instance of singleton bean 'org.springframework.transaction.config.internalTransactionAdvisor'
2022-03-06 00:04:54,756 TRACE AbstractAutowireCapableBeanFactory [main] Finished creating instance of bean 'spring.jpa-org.springframework.boot.autoconfigure.orm.jpa.JpaProperties'
2022-03-06 00:04:54,757 DEBUG DefaultSingletonBeanRegistry [main] Creating shared instance of singleton bean 'spring.jpa.hibernate-org.springframework.boot.autoconfigure.orm.jpa.HibernateProperties'
2022-03-06 00:04:54,757 TRACE AbstractAutowireCapableBeanFactory [main] Creating instance of bean 'spring.jpa.hibernate-org.springframework.boot.autoconfigure.orm.jpa.HibernateProperties'
2022-03-06 00:04:54,757 TRACE AbstractBeanFactory [main] Returning cached instance of singleton bean 'org.springframework.transaction.config.internalTransactionAdvisor'
2022-03-06 00:04:54,758 TRACE AbstractAutowireCapableBeanFactory [main] Eagerly caching bean 'spring.jpa.hibernate-org.springframework.boot.autoconfigure.orm.jpa.HibernateProperties' to allow for resolving potential circular references
2022-03-06 00:04:54,759 TRACE AbstractBeanFactory [main] Returning cached instance of singleton bean 'org.springframework.boot.context.properties.BoundConfigurationProperties'
2022-03-06 00:04:54,760 TRACE AbstractBeanFactory [main] Returning cached instance of singleton bean 'org.springframework.transaction.config.internalTransactionAdvisor'
2022-03-06 00:04:54,760 TRACE AbstractBeanFactory [main] Returning cached instance of singleton bean 'org.springframework.transaction.config.internalTransactionAdvisor'
2022-03-06 00:04:54,761 TRACE AbstractAutowireCapableBeanFactory [main] Finished creating instance of bean 'spring.jpa.hibernate-org.springframework.boot.autoconfigure.orm.jpa.HibernateProperties'
2022-03-06 00:04:54,761 DEBUG ConstructorResolver [main] Autowiring by type from bean name 'org.springframework.boot.autoconfigure.orm.jpa.HibernateJpaConfiguration' via constructor to bean named 'dataSource'
2022-03-06 00:04:54,761 DEBUG ConstructorResolver [main] Autowiring by type from bean name 'org.springframework.boot.autoconfigure.orm.jpa.HibernateJpaConfiguration' via constructor to bean named 'spring.jpa-org.springframework.boot.autoconfigure.orm.jpa.JpaProperties'
2022-03-06 00:04:54,761 DEBUG ConstructorResolver [main] Autowiring by type from bean name 'org.springframework.boot.autoconfigure.orm.jpa.HibernateJpaConfiguration' via constructor to bean named 'org.springframework.beans.factory.support.DefaultListableBeanFactory@6979efad'
2022-03-06 00:04:54,762 DEBUG ConstructorResolver [main] Autowiring by type from bean name 'org.springframework.boot.autoconfigure.orm.jpa.HibernateJpaConfiguration' via constructor to bean named 'spring.jpa.hibernate-org.springframework.boot.autoconfigure.orm.jpa.HibernateProperties'
2022-03-06 00:04:54,766 DEBUG DefaultSingletonBeanRegistry [main] Creating shared instance of singleton bean 'hikariPoolDataSourceMetadataProvider'
2022-03-06 00:04:54,766 TRACE AbstractAutowireCapableBeanFactory [main] Creating instance of bean 'hikariPoolDataSourceMetadataProvider'
2022-03-06 00:04:54,766 TRACE AbstractBeanFactory [main] Returning cached instance of singleton bean 'org.springframework.transaction.config.internalTransactionAdvisor'
2022-03-06 00:04:54,767 DEBUG DefaultSingletonBeanRegistry [main] Creating shared instance of singleton bean 'org.springframework.boot.autoconfigure.jdbc.metadata.DataSourcePoolMetadataProvidersConfiguration$HikariPoolDataSourceMetadataProviderConfiguration'
2022-03-06 00:04:54,767 TRACE AbstractAutowireCapableBeanFactory [main] Creating instance of bean 'org.springframework.boot.autoconfigure.jdbc.metadata.DataSourcePoolMetadataProvidersConfiguration$HikariPoolDataSourceMetadataProviderConfiguration'
2022-03-06 00:04:54,767 TRACE AbstractBeanFactory [main] Returning cached instance of singleton bean 'org.springframework.transaction.config.internalTransactionAdvisor'
2022-03-06 00:04:54,767 TRACE AbstractAutowireCapableBeanFactory [main] Eagerly caching bean 'org.springframework.boot.autoconfigure.jdbc.metadata.DataSourcePoolMetadataProvidersConfiguration$HikariPoolDataSourceMetadataProviderConfiguration' to allow for resolving potential circular references
2022-03-06 00:04:54,767 TRACE AbstractBeanFactory [main] Returning cached instance of singleton bean 'org.springframework.transaction.config.internalTransactionAdvisor'
2022-03-06 00:04:54,768 TRACE AbstractBeanFactory [main] Returning cached instance of singleton bean 'org.springframework.transaction.config.internalTransactionAdvisor'
2022-03-06 00:04:54,768 TRACE AbstractAutowireCapableBeanFactory [main] Finished creating instance of bean 'org.springframework.boot.autoconfigure.jdbc.metadata.DataSourcePoolMetadataProvidersConfiguration$HikariPoolDataSourceMetadataProviderConfiguration'
2022-03-06 00:04:54,769 TRACE AbstractAutowireCapableBeanFactory [main] Eagerly caching bean 'hikariPoolDataSourceMetadataProvider' to allow for resolving potential circular references
2022-03-06 00:04:54,769 TRACE AbstractBeanFactory [main] Returning cached instance of singleton bean 'org.springframework.transaction.config.internalTransactionAdvisor'
2022-03-06 00:04:54,769 TRACE AbstractBeanFactory [main] Returning cached instance of singleton bean 'org.springframework.transaction.config.internalTransactionAdvisor'
2022-03-06 00:04:54,770 TRACE AbstractAutowireCapableBeanFactory [main] Finished creating instance of bean 'hikariPoolDataSourceMetadataProvider'
2022-03-06 00:04:54,774 TRACE AbstractAutowireCapableBeanFactory [main] Eagerly caching bean 'org.springframework.boot.autoconfigure.orm.jpa.HibernateJpaConfiguration' to allow for resolving potential circular references
2022-03-06 00:04:54,775 TRACE AbstractBeanFactory [main] Returning cached instance of singleton bean 'org.springframework.transaction.config.internalTransactionAdvisor'
2022-03-06 00:04:54,775 TRACE AbstractBeanFactory [main] Returning cached instance of singleton bean 'org.springframework.transaction.config.internalTransactionAdvisor'
2022-03-06 00:04:54,776 TRACE AbstractAutowireCapableBeanFactory [main] Finished creating instance of bean 'org.springframework.boot.autoconfigure.orm.jpa.HibernateJpaConfiguration'
2022-03-06 00:04:54,777 DEBUG DefaultSingletonBeanRegistry [main] Creating shared instance of singleton bean 'entityManagerFactoryBuilder'
2022-03-06 00:04:54,777 TRACE AbstractAutowireCapableBeanFactory [main] Creating instance of bean 'entityManagerFactoryBuilder'
2022-03-06 00:04:54,777 TRACE AbstractBeanFactory [main] Returning cached instance of singleton bean 'org.springframework.transaction.config.internalTransactionAdvisor'
2022-03-06 00:04:54,777 TRACE AbstractBeanFactory [main] Returning cached instance of singleton bean 'org.springframework.boot.autoconfigure.orm.jpa.HibernateJpaConfiguration'
2022-03-06 00:04:54,779 DEBUG DefaultSingletonBeanRegistry [main] Creating shared instance of singleton bean 'jpaVendorAdapter'
2022-03-06 00:04:54,779 TRACE AbstractAutowireCapableBeanFactory [main] Creating instance of bean 'jpaVendorAdapter'
2022-03-06 00:04:54,779 TRACE AbstractBeanFactory [main] Returning cached instance of singleton bean 'org.springframework.transaction.config.internalTransactionAdvisor'
2022-03-06 00:04:54,780 TRACE AbstractBeanFactory [main] Returning cached instance of singleton bean 'org.springframework.boot.autoconfigure.orm.jpa.HibernateJpaConfiguration'
2022-03-06 00:04:54,860 DEBUG LoggerProviders [main] Logging Provider: org.jboss.logging.Log4j2LoggerProvider
2022-03-06 00:04:54,863 TRACE AbstractAutowireCapableBeanFactory [main] Eagerly caching bean 'jpaVendorAdapter' to allow for resolving potential circular references
2022-03-06 00:04:54,866 TRACE AbstractBeanFactory [main] Returning cached instance of singleton bean 'org.springframework.transaction.config.internalTransactionAdvisor'
2022-03-06 00:04:54,866 TRACE AbstractBeanFactory [main] Returning cached instance of singleton bean 'org.springframework.transaction.config.internalTransactionAdvisor'
2022-03-06 00:04:54,868 TRACE AbstractAutowireCapableBeanFactory [main] Finished creating instance of bean 'jpaVendorAdapter'
2022-03-06 00:04:54,868 DEBUG ConstructorResolver [main] Autowiring by type from bean name 'entityManagerFactoryBuilder' via factory method to bean named 'jpaVendorAdapter'
2022-03-06 00:04:54,870 TRACE AbstractAutowireCapableBeanFactory [main] Eagerly caching bean 'entityManagerFactoryBuilder' to allow for resolving potential circular references
2022-03-06 00:04:54,870 TRACE AbstractBeanFactory [main] Returning cached instance of singleton bean 'org.springframework.transaction.config.internalTransactionAdvisor'
2022-03-06 00:04:54,871 TRACE AbstractBeanFactory [main] Returning cached instance of singleton bean 'org.springframework.transaction.config.internalTransactionAdvisor'
2022-03-06 00:04:54,871 TRACE AbstractAutowireCapableBeanFactory [main] Finished creating instance of bean 'entityManagerFactoryBuilder'
2022-03-06 00:04:54,871 DEBUG ConstructorResolver [main] Autowiring by type from bean name 'entityManagerFactory' via factory method to bean named 'entityManagerFactoryBuilder'
2022-03-06 00:04:54,898 TRACE DefaultListableBeanFactory [main] No bean named 'org.springframework.boot.autoconfigure.domain.EntityScanPackages' found in org.springframework.beans.factory.support.DefaultListableBeanFactory@6979efad: defining beans [org.springframework.context.annotation.internalConfigurationAnnotationProcessor,org.springframework.context.annotation.internalAutowiredAnnotationProcessor,org.springframework.context.annotation.internalCommonAnnotationProcessor,org.springframework.context.annotation.internalPersistenceAnnotationProcessor,org.springframework.context.event.internalEventListenerProcessor,org.springframework.context.event.internalEventListenerFactory,jpaApplication,org.springframework.boot.autoconfigure.internalCachingMetadataReaderFactory,demoConfig,postController,postDao,postService,gson,org.springframework.boot.autoconfigure.AutoConfigurationPackages,org.springframework.context.config.internalBeanConfigurerAspect,jpaAuditingHandler,jpaMappingContext,org.springframework.data.jpa.domain.support.AuditingEntityListener,org.springframework.data.jpa.domain.support.AuditingBeanFactoryPostProcessor,org.springframework.boot.autoconfigure.context.PropertyPlaceholderAutoConfiguration,propertySourcesPlaceholderConfigurer,org.springframework.boot.autoconfigure.websocket.servlet.WebSocketServletAutoConfiguration$TomcatWebSocketConfiguration,websocketServletWebServerCustomizer,org.springframework.boot.autoconfigure.websocket.servlet.WebSocketServletAutoConfiguration,org.springframework.boot.autoconfigure.web.servlet.ServletWebServerFactoryConfiguration$EmbeddedTomcat,tomcatServletWebServerFactory,org.springframework.boot.autoconfigure.web.servlet.ServletWebServerFactoryAutoConfiguration,servletWebServerFactoryCustomizer,tomcatServletWebServerFactoryCustomizer,org.springframework.boot.context.properties.ConfigurationPropertiesBindingPostProcessor,org.springframework.boot.context.internalConfigurationPropertiesBinderFactory,org.springframework.boot.context.internalConfigurationPropertiesBinder,org.springframework.boot.context.properties.BoundConfigurationProperties,org.springframework.boot.context.properties.EnableConfigurationPropertiesRegistrar.methodValidationExcludeFilter,server-org.springframework.boot.autoconfigure.web.ServerProperties,webServerFactoryCustomizerBeanPostProcessor,errorPageRegistrarBeanPostProcessor,org.springframework.boot.autoconfigure.web.servlet.DispatcherServletAutoConfiguration$DispatcherServletConfiguration,dispatcherServlet,spring.mvc-org.springframework.boot.autoconfigure.web.servlet.WebMvcProperties,org.springframework.boot.autoconfigure.web.servlet.DispatcherServletAutoConfiguration$DispatcherServletRegistrationConfiguration,dispatcherServletRegistration,org.springframework.boot.autoconfigure.web.servlet.DispatcherServletAutoConfiguration,org.springframework.boot.autoconfigure.task.TaskExecutionAutoConfiguration,taskExecutorBuilder,applicationTaskExecutor,spring.task.execution-org.springframework.boot.autoconfigure.task.TaskExecutionProperties,org.springframework.boot.autoconfigure.web.servlet.error.ErrorMvcAutoConfiguration$WhitelabelErrorViewConfiguration,error,beanNameViewResolver,org.springframework.boot.autoconfigure.web.servlet.error.ErrorMvcAutoConfiguration$DefaultErrorViewResolverConfiguration,conventionErrorViewResolver,spring.resources-org.springframework.boot.autoconfigure.web.ResourceProperties,spring.web-org.springframework.boot.autoconfigure.web.WebProperties,org.springframework.boot.autoconfigure.web.servlet.error.ErrorMvcAutoConfiguration,errorAttributes,basicErrorController,errorPageCustomizer,preserveErrorControllerTargetClassPostProcessor,org.springframework.boot.autoconfigure.web.servlet.WebMvcAutoConfiguration$EnableWebMvcConfiguration,requestMappingHandlerAdapter,requestMappingHandlerMapping,welcomePageHandlerMapping,localeResolver,themeResolver,flashMapManager,mvcConversionService,mvcValidator,mvcContentNegotiationManager,mvcPatternParser,mvcUrlPathHelper,mvcPathMatcher,viewControllerHandlerMapping,beanNameHandlerMapping,routerFunctionMapping,resourceHandlerMapping,mvcResourceUrlProvider,defaultServletHandlerMapping,handlerFunctionAdapter,mvcUriComponentsContributor,httpRequestHandlerAdapter,simpleControllerHandlerAdapter,handlerExceptionResolver,mvcViewResolver,mvcHandlerMappingIntrospector,viewNameTranslator,org.springframework.boot.autoconfigure.web.servlet.WebMvcAutoConfiguration$WebMvcAutoConfigurationAdapter,defaultViewResolver,viewResolver,requestContextFilter,org.springframework.boot.autoconfigure.web.servlet.WebMvcAutoConfiguration,formContentFilter,org.springframework.boot.autoconfigure.jmx.JmxAutoConfiguration,mbeanExporter,objectNamingStrategy,mbeanServer,org.springframework.boot.autoconfigure.admin.SpringApplicationAdminJmxAutoConfiguration,springApplicationAdminRegistrar,org.springframework.boot.autoconfigure.aop.AopAutoConfiguration$AspectJAutoProxyingConfiguration$CglibAutoProxyConfiguration,org.springframework.aop.config.internalAutoProxyCreator,org.springframework.boot.autoconfigure.aop.AopAutoConfiguration$AspectJAutoProxyingConfiguration,org.springframework.boot.autoconfigure.aop.AopAutoConfiguration,org.springframework.boot.autoconfigure.availability.ApplicationAvailabilityAutoConfiguration,applicationAvailability,org.springframework.boot.autoconfigure.jackson.JacksonAutoConfiguration$Jackson2ObjectMapperBuilderCustomizerConfiguration,standardJacksonObjectMapperBuilderCustomizer,spring.jackson-org.springframework.boot.autoconfigure.jackson.JacksonProperties,org.springframework.boot.autoconfigure.jackson.JacksonAutoConfiguration$JacksonObjectMapperBuilderConfiguration,jacksonObjectMapperBuilder,org.springframework.boot.autoconfigure.jackson.JacksonAutoConfiguration$ParameterNamesModuleConfiguration,parameterNamesModule,org.springframework.boot.autoconfigure.jackson.JacksonAutoConfiguration$JacksonObjectMapperConfiguration,jacksonObjectMapper,org.springframework.boot.autoconfigure.jackson.JacksonAutoConfiguration,jsonComponentModule,org.springframework.boot.autoconfigure.transaction.jta.JtaAutoConfiguration,org.springframework.boot.autoconfigure.jdbc.DataSourceConfiguration$Hikari,dataSource,org.springframework.boot.autoconfigure.jdbc.DataSourceJmxConfiguration$Hikari,org.springframework.boot.autoconfigure.jdbc.DataSourceJmxConfiguration,org.springframework.boot.autoconfigure.jdbc.DataSourceAutoConfiguration$PooledDataSourceConfiguration,org.springframework.boot.autoconfigure.jdbc.metadata.DataSourcePoolMetadataProvidersConfiguration$HikariPoolDataSourceMetadataProviderConfiguration,hikariPoolDataSourceMetadataProvider,org.springframework.boot.autoconfigure.jdbc.metadata.DataSourcePoolMetadataProvidersConfiguration,org.springframework.boot.autoconfigure.jdbc.DataSourceAutoConfiguration,spring.datasource-org.springframework.boot.autoconfigure.jdbc.DataSourceProperties,org.springframework.boot.autoconfigure.orm.jpa.JpaBaseConfiguration$JpaWebConfiguration,openEntityManagerInViewInterceptor,openEntityManagerInViewInterceptorConfigurer,org.springframework.boot.autoconfigure.orm.jpa.HibernateJpaConfiguration,transactionManager,jpaVendorAdapter,entityManagerFactoryBuilder,entityManagerFactory,spring.jpa.hibernate-org.springframework.boot.autoconfigure.orm.jpa.HibernateProperties,spring.jpa-org.springframework.boot.autoconfigure.orm.jpa.JpaProperties,org.springframework.boot.autoconfigure.orm.jpa.HibernateJpaAutoConfiguration,org.springframework.boot.autoconfigure.context.ConfigurationPropertiesAutoConfiguration,org.springframework.boot.autoconfigure.context.LifecycleAutoConfiguration,lifecycleProcessor,spring.lifecycle-org.springframework.boot.autoconfigure.context.LifecycleProperties,org.springframework.boot.autoconfigure.dao.PersistenceExceptionTranslationAutoConfiguration,persistenceExceptionTranslationPostProcessor,org.springframework.boot.autoconfigure.data.jpa.JpaRepositoriesAutoConfiguration,emBeanDefinitionRegistrarPostProcessor,jpaContext,org.springframework.data.jpa.util.JpaMetamodelCacheCleanup,org.springframework.data.jpa.repository.support.JpaEvaluationContextExtension,postRepository,boardRepository,org.springframework.boot.autoconfigure.gson.GsonAutoConfiguration,gsonBuilder,standardGsonBuilderCustomizer,spring.gson-org.springframework.boot.autoconfigure.gson.GsonProperties,org.springframework.boot.autoconfigure.http.HttpMessageConvertersAutoConfiguration$StringHttpMessageConverterConfiguration,stringHttpMessageConverter,org.springframework.boot.autoconfigure.http.JacksonHttpMessageConvertersConfiguration$MappingJackson2HttpMessageConverterConfiguration,mappingJackson2HttpMessageConverter,org.springframework.boot.autoconfigure.http.JacksonHttpMessageConvertersConfiguration,org.springframework.boot.autoconfigure.http.GsonHttpMessageConvertersConfiguration,org.springframework.boot.autoconfigure.http.HttpMessageConvertersAutoConfiguration,messageConverters,org.springframework.data.web.config.ProjectingArgumentResolverRegistrar,projectingArgumentResolverBeanPostProcessor,org.springframework.data.web.config.SpringDataWebConfiguration,pageableResolver,sortResolver,org.springframework.data.web.config.SpringDataJacksonConfiguration,jacksonGeoModule,org.springframework.boot.autoconfigure.data.web.SpringDataWebAutoConfiguration,pageableCustomizer,sortCustomizer,spring.data.web-org.springframework.boot.autoconfigure.data.web.SpringDataWebProperties,org.springframework.boot.autoconfigure.info.ProjectInfoAutoConfiguration,spring.info-org.springframework.boot.autoconfigure.info.ProjectInfoProperties,org.springframework.boot.autoconfigure.jdbc.JdbcTemplateConfiguration,jdbcTemplate,org.springframework.boot.autoconfigure.jdbc.NamedParameterJdbcTemplateConfiguration,namedParameterJdbcTemplate,org.springframework.boot.autoconfigure.jdbc.JdbcTemplateAutoConfiguration,spring.jdbc-org.springframework.boot.autoconfigure.jdbc.JdbcProperties,org.springframework.boot.sql.init.dependency.DatabaseInitializationDependencyConfigurer$DependsOnDatabaseInitializationPostProcessor,org.springframework.boot.autoconfigure.sql.init.DataSourceInitializationConfiguration,dataSourceScriptDatabaseInitializer,org.springframework.boot.autoconfigure.sql.init.SqlInitializationAutoConfiguration,spring.sql.init-org.springframework.boot.autoconfigure.sql.init.SqlInitializationProperties,org.springframework.boot.autoconfigure.task.TaskSchedulingAutoConfiguration,scheduledBeanLazyInitializationExcludeFilter,taskSchedulerBuilder,spring.task.scheduling-org.springframework.boot.autoconfigure.task.TaskSchedulingProperties,org.springframework.boot.autoconfigure.jdbc.DataSourceTransactionManagerAutoConfiguration$JdbcTransactionManagerConfiguration,org.springframework.boot.autoconfigure.jdbc.DataSourceTransactionManagerAutoConfiguration,org.springframework.transaction.annotation.ProxyTransactionManagementConfiguration,org.springframework.transaction.config.internalTransactionAdvisor,transactionAttributeSource,transactionInterceptor,org.springframework.transaction.config.internalTransactionalEventListenerFactory,org.springframework.boot.autoconfigure.transaction.TransactionAutoConfiguration$EnableTransactionManagementConfiguration$CglibAutoProxyConfiguration,org.springframework.boot.autoconfigure.transaction.TransactionAutoConfiguration$EnableTransactionManagementConfiguration,org.springframework.boot.autoconfigure.transaction.TransactionAutoConfiguration$TransactionTemplateConfiguration,transactionTemplate,org.springframework.boot.autoconfigure.transaction.TransactionAutoConfiguration,platformTransactionManagerCustomizers,spring.transaction-org.springframework.boot.autoconfigure.transaction.TransactionProperties,org.springframework.boot.autoconfigure.web.client.RestTemplateAutoConfiguration,restTemplateBuilderConfigurer,restTemplateBuilder,org.springframework.boot.autoconfigure.web.embedded.EmbeddedWebServerFactoryCustomizerAutoConfiguration$TomcatWebServerFactoryCustomizerConfiguration,tomcatWebServerFactoryCustomizer,org.springframework.boot.autoconfigure.web.embedded.EmbeddedWebServerFactoryCustomizerAutoConfiguration,org.springframework.boot.autoconfigure.web.servlet.HttpEncodingAutoConfiguration,characterEncodingFilter,localeCharsetMappingsCustomizer,org.springframework.boot.autoconfigure.web.servlet.MultipartAutoConfiguration,multipartConfigElement,multipartResolver,spring.servlet.multipart-org.springframework.boot.autoconfigure.web.servlet.MultipartProperties,org.springframework.orm.jpa.SharedEntityManagerCreator#0]; root of factory hierarchy
2022-03-06 00:04:54,901 TRACE AbstractBeanFactory [main] Returning cached instance of singleton bean 'org.springframework.boot.autoconfigure.AutoConfigurationPackages'
2022-03-06 00:04:54,901 TRACE AbstractBeanFactory [main] Returning cached instance of singleton bean 'org.springframework.boot.autoconfigure.AutoConfigurationPackages'
2022-03-06 00:04:54,935 TRACE AbstractAutowireCapableBeanFactory [main] Eagerly caching bean 'entityManagerFactory' to allow for resolving potential circular references
2022-03-06 00:04:54,936 TRACE AbstractAutowireCapableBeanFactory [main] Invoking afterPropertiesSet() on bean with name 'entityManagerFactory'
2022-03-06 00:04:54,941 TRACE PathMatchingResourcePatternResolver [main] Resolved classpath location [META-INF/persistence.xml] to resources []
2022-03-06 00:04:54,946 TRACE PathMatchingResourcePatternResolver [main] Resolved classpath location [dev/glassym/jpa/] to resources [URL [file:/C:/Users/user/jpa/build/classes/java/main/dev/glassym/jpa/]]
2022-03-06 00:04:54,946 TRACE PathMatchingResourcePatternResolver [main] Looking for matching resources in directory tree [C:\Users\user\jpa\build\classes\java\main\dev\glassym\jpa]
2022-03-06 00:04:54,948 TRACE PathMatchingResourcePatternResolver [main] Searching directory [C:\Users\user\jpa\build\classes\java\main\dev\glassym\jpa] for files matching pattern [C:/Users/user/jpa/build/classes/java/main/dev/glassym/jpa/**/*.class]
2022-03-06 00:04:54,950 TRACE PathMatchingResourcePatternResolver [main] Searching directory [C:\Users\user\jpa\build\classes\java\main\dev\glassym\jpa\entity] for files matching pattern [C:/Users/user/jpa/build/classes/java/main/dev/glassym/jpa/**/*.class]
2022-03-06 00:04:54,953 TRACE PathMatchingResourcePatternResolver [main] Searching directory [C:\Users\user\jpa\build\classes\java\main\dev\glassym\jpa\repository] for files matching pattern [C:/Users/user/jpa/build/classes/java/main/dev/glassym/jpa/**/*.class]
2022-03-06 00:04:54,955 TRACE PathMatchingResourcePatternResolver [main] Resolved location pattern [classpath*:dev/glassym/jpa/**/*.class] to resources [file [C:\Users\user\jpa\build\classes\java\main\dev\glassym\jpa\DemoConfig.class], file [C:\Users\user\jpa\build\classes\java\main\dev\glassym\jpa\JpaApplication.class], file [C:\Users\user\jpa\build\classes\java\main\dev\glassym\jpa\PostController.class], file [C:\Users\user\jpa\build\classes\java\main\dev\glassym\jpa\PostDao.class], file [C:\Users\user\jpa\build\classes\java\main\dev\glassym\jpa\PostDto.class], file [C:\Users\user\jpa\build\classes\java\main\dev\glassym\jpa\PostService.class], file [C:\Users\user\jpa\build\classes\java\main\dev\glassym\jpa\ProfileComponent.class], file [C:\Users\user\jpa\build\classes\java\main\dev\glassym\jpa\entity\BaseEntity.class], file [C:\Users\user\jpa\build\classes\java\main\dev\glassym\jpa\entity\BoardEntity.class], file [C:\Users\user\jpa\build\classes\java\main\dev\glassym\jpa\entity\PostEntity.class], file [C:\Users\user\jpa\build\classes\java\main\dev\glassym\jpa\repository\BoardRepository.class], file [C:\Users\user\jpa\build\classes\java\main\dev\glassym\jpa\repository\PostRepository.class]]
2022-03-06 00:04:54,962 DEBUG LocalContainerEntityManagerFactoryBean [main] Building JPA container EntityManagerFactory for persistence unit 'default'
2022-03-06 00:04:54,991 DEBUG LogHelper [main] PersistenceUnitInfo [
	name: default
	persistence provider classname: null
	classloader: jdk.internal.loader.ClassLoaders$AppClassLoader@2437c6dc
	excludeUnlistedClasses: true
	JTA datasource: null
	Non JTA datasource: HikariDataSource (null)
	Transaction type: RESOURCE_LOCAL
	PU root URL: file:/C:/Users/user/jpa/build/classes/java/main/
	Shared Cache Mode: UNSPECIFIED
	Validation Mode: AUTO
	Jar files URLs []
	Managed classes names [
		dev.glassym.jpa.entity.BaseEntity
		dev.glassym.jpa.entity.BoardEntity
		dev.glassym.jpa.entity.PostEntity]
	Mapping files names []
	Properties []
